<fileupload size="83787710">
  <file name="public_html.rar" tmpfile="/home2/egymach/tmp/Cpanel_Form_file.upload.4rUJmHesUyvISprv">
    <progress bytes="343019" bps="772522.73"></progress>
    <progress bytes="867307" bps="682868.50"></progress>
    <progress bytes="1391595" bps="681296.98"></progress>
    <progress bytes="1915883" bps="688082.63"></progress>
    <progress bytes="2440171" bps="679202.56"></progress>
    <progress bytes="2964459" bps="684524.15"></progress>
    <progress bytes="3488747" bps="683272.54"></progress>
    <progress bytes="4013035" bps="686460.07"></progress>
    <progress bytes="4537323" bps="674379.18"></progress>
    <progress bytes="5061611" bps="689547.78"></progress>
    <progress bytes="5585899" bps="298642.10"></progress>
    <progress bytes="5848043" bps="491651.21"></progress>
    <progress bytes="6110187" bps="683207.54"></progress>
    <progress bytes="6634475" bps="679707.99"></progress>
    <progress bytes="7158763" bps="682593.79"></progress>
    <progress bytes="7683051" bps="683059.78"></progress>
    <progress bytes="8207339" bps="366830.69"></progress>
    <progress bytes="8469483" bps="687818.14"></progress>
    <progress bytes="8993771" bps="321590.68"></progress>
    <progress bytes="9255915" bps="595991.77"></progress>
    <progress bytes="9780203" bps="681875.58"></progress>
    <progress bytes="10304491" bps="683744.81"></progress>
    <progress bytes="10828779" bps="684006.18"></progress>
    <progress bytes="11353067" bps="681332.39"></progress>
    <progress bytes="11877355" bps="681111.99"></progress>
    <progress bytes="12401643" bps="684910.46"></progress>
    <progress bytes="12925931" bps="685005.32"></progress>
    <progress bytes="13450219" bps="685625.21"></progress>
    <progress bytes="13974507" bps="683362.49"></progress>
    <progress bytes="14498795" bps="679043.33"></progress>
    <progress bytes="15023083" bps="686621.00"></progress>
    <progress bytes="15547371" bps="684443.72"></progress>
    <progress bytes="16071659" bps="684743.19"></progress>
    <progress bytes="16595947" bps="680290.08"></progress>
    <progress bytes="17120235" bps="684222.20"></progress>
    <progress bytes="17644523" bps="682512.92"></progress>
    <progress bytes="18168811" bps="682644.45"></progress>
    <progress bytes="18693099" bps="682294.43"></progress>
    <progress bytes="19217387" bps="684656.45"></progress>
    <progress bytes="19741675" bps="680590.33"></progress>
    <progress bytes="20265963" bps="621651.71"></progress>
    <progress bytes="20790251" bps="759013.77"></progress>
    <progress bytes="21314539" bps="683689.53"></progress>
    <progress bytes="21838827" bps="682536.03"></progress>
    <progress bytes="22363115" bps="684956.10"></progress>
    <progress bytes="22887403" bps="677245.18"></progress>
    <progress bytes="23411691" bps="690776.09"></progress>
    <progress bytes="23935979" bps="684044.55"></progress>
    <progress bytes="24460267" bps="681868.49"></progress>
    <progress bytes="24984555" bps="679228.07"></progress>
    <progress bytes="25508843" bps="686292.94"></progress>
    <progress bytes="26033131" bps="682722.67"></progress>
    <progress bytes="26557419" bps="681265.11"></progress>
    <progress bytes="27081707" bps="681893.32"></progress>
    <progress bytes="27605995" bps="691302.55"></progress>
    <progress bytes="28130283" bps="678713.69"></progress>
    <progress bytes="28654571" bps="681914.61"></progress>
    <progress bytes="29178859" bps="686358.52"></progress>
    <progress bytes="29703147" bps="684853.20"></progress>
    <progress bytes="30227435" bps="680647.77"></progress>
    <progress bytes="30751723" bps="679951.29"></progress>
    <progress bytes="31276011" bps="688177.46"></progress>
    <progress bytes="31800299" bps="685115.42"></progress>
    <progress bytes="32324587" bps="677739.82"></progress>
    <progress bytes="32848875" bps="679376.82"></progress>
    <progress bytes="33373163" bps="688359.98"></progress>
    <progress bytes="33897451" bps="675328.62"></progress>
    <progress bytes="34421739" bps="682353.03"></progress>
    <progress bytes="34946027" bps="675857.05"></progress>
    <progress bytes="35470315" bps="681689.40"></progress>
    <progress bytes="35994603" bps="680898.81"></progress>
    <progress bytes="36518891" bps="684844.26"></progress>
    <progress bytes="37043179" bps="681622.93"></progress>
    <progress bytes="37567467" bps="680249.48"></progress>
    <progress bytes="38091755" bps="683767.10"></progress>
    <progress bytes="38616043" bps="680980.18"></progress>
    <progress bytes="39140331" bps="683470.28"></progress>
    <progress bytes="39664619" bps="678267.64"></progress>
    <progress bytes="40188907" bps="677494.60"></progress>
    <progress bytes="40713195" bps="676190.91"></progress>
    <progress bytes="41237483" bps="676274.64"></progress>
    <progress bytes="41761771" bps="677863.37"></progress>
    <progress bytes="42286059" bps="679133.93"></progress>
    <progress bytes="42810347" bps="681107.57"></progress>
    <progress bytes="43334635" bps="674445.98"></progress>
    <progress bytes="43858923" bps="690384.95"></progress>
    <progress bytes="44383211" bps="678621.45"></progress>
    <progress bytes="44907499" bps="677730.18"></progress>
    <progress bytes="45431787" bps="686049.57"></progress>
    <progress bytes="45956075" bps="680096.82"></progress>
    <progress bytes="46480363" bps="681240.32"></progress>
    <progress bytes="47004651" bps="684258.82"></progress>
    <progress bytes="47528939" bps="682337.94"></progress>
    <progress bytes="48053227" bps="687802.80"></progress>
    <progress bytes="48577515" bps="684196.31"></progress>
    <progress bytes="49101803" bps="680420.75"></progress>
    <progress bytes="49626091" bps="682985.04"></progress>
    <progress bytes="50150379" bps="681401.46"></progress>
    <progress bytes="50674667" bps="680914.73"></progress>
    <progress bytes="51198955" bps="689018.56"></progress>
    <progress bytes="51723243" bps="679576.72"></progress>
    <progress bytes="52247531" bps="685470.13"></progress>
    <progress bytes="52771819" bps="684231.13"></progress>
    <progress bytes="53296107" bps="325940.70"></progress>
    <progress bytes="53558251" bps="695452.86"></progress>
    <progress bytes="54082539" bps="682354.81"></progress>
    <progress bytes="54606827" bps="685367.08"></progress>
    <progress bytes="55131115" bps="684848.73"></progress>
    <progress bytes="55655403" bps="685209.44"></progress>
    <progress bytes="56179691" bps="678294.84"></progress>
    <progress bytes="56703979" bps="688269.61"></progress>
    <progress bytes="57228267" bps="678578.41"></progress>
    <progress bytes="57752555" bps="683109.62"></progress>
    <progress bytes="58276843" bps="685537.35"></progress>
    <progress bytes="58801131" bps="682230.50"></progress>
    <progress bytes="59325419" bps="686080.09"></progress>
    <progress bytes="59849707" bps="679178.80"></progress>
    <progress bytes="60373995" bps="682246.48"></progress>
    <progress bytes="60898283" bps="620841.96"></progress>
    <progress bytes="61422571" bps="682032.59"></progress>
    <progress bytes="61946859" bps="682945.00"></progress>
    <progress bytes="62471147" bps="685762.42"></progress>
    <progress bytes="62995435" bps="683642.28"></progress>
    <progress bytes="63519723" bps="685413.68"></progress>
    <progress bytes="64044011" bps="681257.14"></progress>
    <progress bytes="64568299" bps="679895.74"></progress>
    <progress bytes="65092587" bps="685462.07"></progress>
    <progress bytes="65616875" bps="685505.98"></progress>
    <progress bytes="66141163" bps="681440.43"></progress>
    <progress bytes="66665451" bps="680763.54"></progress>
    <progress bytes="67189739" bps="689347.41"></progress>
    <progress bytes="67714027" bps="678575.77"></progress>
    <progress bytes="68238315" bps="687023.18"></progress>
    <progress bytes="68762603" bps="679228.95"></progress>
    <progress bytes="69286891" bps="683805.45"></progress>
    <progress bytes="69811179" bps="683522.85"></progress>
    <progress bytes="70335467" bps="685036.64"></progress>
    <progress bytes="70859755" bps="683685.07"></progress>
    <progress bytes="71384043" bps="679205.20"></progress>
    <progress bytes="71908331" bps="685195.11"></progress>
    <progress bytes="72432619" bps="682000.65"></progress>
    <progress bytes="72956907" bps="677724.92"></progress>
    <progress bytes="73481195" bps="683996.36"></progress>
    <progress bytes="74005483" bps="682944.11"></progress>
    <progress bytes="74529771" bps="680666.32"></progress>
    <progress bytes="75054059" bps="679965.40"></progress>
    <progress bytes="75578347" bps="683079.36"></progress>
    <progress bytes="76102635" bps="678842.87"></progress>
    <progress bytes="76626923" bps="687546.64"></progress>
    <progress bytes="77151211" bps="684759.28"></progress>
    <progress bytes="77675499" bps="685810.86"></progress>
    <progress bytes="78199787" bps="680276.84"></progress>
    <progress bytes="78724075" bps="673058.06"></progress>
    <progress bytes="79248363" bps="688959.70"></progress>
    <progress bytes="79772651" bps="688390.71"></progress>
    <progress bytes="80296939" bps="682153.28"></progress>
    <progress bytes="80821227" bps="680662.79"></progress>
    <progress bytes="81345515" bps="687040.29"></progress>
    <progress bytes="81869803" bps="680981.95"></progress>
    <progress bytes="82394091" bps="683106.95"></progress>
    <progress bytes="82918379" bps="680715.81"></progress>
    <progress bytes="83442667" bps="208225.31"></progress>
    <progress bytes="83573739" bps="704964.85"></progress>
    <progress bytes="83786621" bps="680284.15"></progress>
    <progress filesize="83786619" complete="1"></progress>
  </file>
</fileupload>
